
Turn 420
================================================================
warning: owned entities 25, 4 collided on cell (12, 24) as the result of moves on this turn
At command 2 of 22:
    1   m 4 o
>>> 2   m 25 s
    3   m 40 o
    4   m 16 o


Turn 423
================================================================
warning: owned entities 40, 14, 33 collided on cell (12, 24) as the result of moves on this turn
At command 5 of 21:
    3   m 38 o
    4   m 21 o
>>> 5   m 40 s
    6   m 16 o
    7   m 33 o

Other commands that placed an entity on this cell:
    9   m 46 s
    10   m 8 w
>>> 11   m 14 w
    12   m 19 w
    13   m 2 s


Turn 426
================================================================
warning: owned entities 6, 16 collided on cell (12, 24) as the result of moves on this turn
At command 1 of 18:
>>> 1   m 6 n
    2   m 38 o
    3   m 21 o


Turn 429
================================================================
warning: owned entities 0, 8, 2 collided on cell (12, 24) as the result of moves on this turn
At command 2 of 16:
    1   m 29 s
>>> 2   m 0 s
    3   m 21 o
    4   m 27 o

Other commands that placed an entity on this cell:
    10   m 22 s
    11   m 46 s
>>> 12   m 8 w
    13   m 43 s
    14   m 30 s


Turn 431
================================================================
warning: owned entities 21, 30 collided on cell (12, 24) as the result of moves on this turn
At command 1 of 13:
>>> 1   m 21 n
    2   m 38 o
    3   m 42 s

Other commands that placed an entity on this cell:
    8   m 22 s
    9   m 43 s
>>> 10   m 30 w
    11   m 46 s
    12   m 19 s


Turn 433
================================================================
warning: owned entities 38, 22 collided on cell (12, 24) as the result of moves on this turn
At command 6 of 11:
    4   m 43 o
    5   m 13 o
>>> 6   m 38 n
    7   m 22 w
    8   m 29 o

Other commands that placed an entity on this cell:
    5   m 13 o
    6   m 38 n
>>> 7   m 22 w
    8   m 29 o
    9   m 46 s


Turn 436
================================================================
warning: owned entities 43, 11 collided on cell (12, 24) as the result of moves on this turn
At command 4 of 9:
    2   m 27 o
    3   m 11 o
>>> 4   m 43 w
    5   m 13 o
    6   m 32 o


Turn 441
================================================================
warning: owned entities 46, 32 collided on cell (12, 24) as the result of moves on this turn
At command 6 of 7:
    4   m 13 o
    5   m 32 o
>>> 6   m 46 w
    7   m 19 o


Turn 444
================================================================
warning: owned entities 42, 19 collided on cell (12, 24) as the result of moves on this turn
At command 1 of 5:
>>> 1   m 42 s
    2   m 29 o
    3   m 27 o


Turn 448
================================================================
warning: owned entities 27, 29 collided on cell (12, 24) as the result of moves on this turn
At command 3 of 3:
    1   m 29 o
    2   m 13 s
>>> 3   m 27 s

