
Turn 418
================================================================
warning: owned entities 24, 16 collided on cell (12, 24) as the result of moves on this turn
At command 1 of 27:
>>> 1   m 24 n
    2   m 33 n
    3   m 16 o


Turn 420
================================================================
warning: owned entities 15, 8 collided on cell (12, 24) as the result of moves on this turn
At command 5 of 25:
    3   m 25 n
    4   m 6 o
>>> 5   m 15 n
    6   m 0 o
    7   m 40 e


Turn 423
================================================================
warning: owned entities 37, 25 collided on cell (12, 24) as the result of moves on this turn
At command 4 of 23:
    2   m 31 n
    3   m 49 n
>>> 4   m 37 n
    5   m 48 o
    6   m 25 o


Turn 427
================================================================
warning: owned entities 33, 44 collided on cell (12, 24) as the result of moves on this turn
At command 2 of 21:
    1   m 6 n
>>> 2   m 33 n
    3   m 44 o
    4   m 22 o


Turn 430
================================================================
warning: owned entities 28, 26 collided on cell (12, 24) as the result of moves on this turn
At command 15 of 19:
    13   m 4 s
    14   m 26 o
>>> 15   m 28 e
    16   m 27 s
    17   m 40 n


Turn 432
================================================================
warning: owned entities 27, 0 collided on cell (12, 24) as the result of moves on this turn
At command 16 of 17:
    14   m 40 o
    15   m 51 n
>>> 16   m 27 s
    17   m 43 o


Turn 435
================================================================
warning: owned entities 49, 2 collided on cell (12, 24) as the result of moves on this turn
At command 4 of 15:
    2   m 43 o
    3   m 12 n
>>> 4   m 49 n
    5   m 31 n
    6   m 48 o


Turn 436
================================================================
warning: owned entities 40, 4 collided on cell (12, 24) as the result of moves on this turn
At command 8 of 13:
    6   m 14 o
    7   m 38 o
>>> 8   m 40 e
    9   m 12 o
    10   m 31 o

Other commands that placed an entity on this cell:
    10   m 31 o
    11   m 47 n
>>> 12   m 4 s
    13   m 51 o


Turn 440
================================================================
warning: owned entities 48, 20 collided on cell (12, 24) as the result of moves on this turn
At command 1 of 11:
>>> 1   m 48 n
    2   m 47 n
    3   m 22 n


Turn 444
================================================================
warning: owned entities 14, 43 collided on cell (12, 24) as the result of moves on this turn
At command 3 of 9:
    1   m 22 n
    2   m 47 n
>>> 3   m 14 n
    4   m 12 o
    5   m 43 o


Turn 446
================================================================
warning: owned entities 31, 38 collided on cell (12, 24) as the result of moves on this turn
At command 7 of 7:
    5   m 12 o
    6   m 38 o
>>> 7   m 31 n


Turn 449
================================================================
warning: owned entities 6, 51 collided on cell (12, 24) as the result of moves on this turn
At command 2 of 5:
    1   m 51 o
>>> 2   m 6 n
    3   m 12 n
    4   m 22 o

