
Turn 275
================================================================
warning: owned entities 9, 15 collided on cell (35, 24) as the result of moves on this turn
At command 12 of 25:
    10   m 12 o
    11   m 37 s
>>> 12   m 9 e
    13   m 15 n
    14   m 26 o

Other commands that placed an entity on this cell:
    11   m 37 s
    12   m 9 e
>>> 13   m 15 n
    14   m 26 o
    15   m 45 e


Turn 420
================================================================
warning: owned entities 5, 28 collided on cell (35, 24) as the result of moves on this turn
At command 8 of 23:
    6   m 17 o
    7   m 44 e
>>> 8   m 5 n
    9   m 31 o
    10   m 1 e


Turn 422
================================================================
warning: owned entities 17, 31 collided on cell (35, 24) as the result of moves on this turn
At command 5 of 20:
    3   m 24 w
    4   m 45 o
>>> 5   m 17 n
    6   m 44 e
    7   m 31 o


Turn 424
================================================================
warning: owned entities 37, 44 collided on cell (35, 24) as the result of moves on this turn
At command 9 of 19:
    7   m 41 n
    8   m 12 n
>>> 9   m 37 n
    10   m 3 s
    11   m 26 w


Turn 426
================================================================
warning: owned entities 1, 10, 35 collided on cell (35, 24) as the result of moves on this turn
At command 1 of 17:
>>> 1   m 1 e
    2   m 10 s
    3   m 20 n

Other commands that placed an entity on this cell:
    1   m 1 e
>>> 2   m 10 s
    3   m 20 n
    4   m 18 n

    6   m 12 n
    7   m 24 w
>>> 8   m 35 n
    9   m 7 n
    10   m 45 n


Turn 434
================================================================
warning: owned entities 47, 23, 24, 34 collided on cell (35, 24) as the result of moves on this turn
At command 2 of 14:
    1   m 34 o
>>> 2   m 47 s
    3   m 12 n
    4   m 18 o

Other commands that placed an entity on this cell:
    3   m 12 n
    4   m 18 o
>>> 5   m 23 n
    6   m 39 s
    7   m 7 o

    7   m 7 o
    8   m 41 n
>>> 9   m 24 w
    10   m 26 s
    11   m 45 o


Turn 437
================================================================
warning: owned entities 3, 45 collided on cell (35, 24) as the result of moves on this turn
At command 1 of 10:
>>> 1   m 3 s
    2   m 45 n
    3   m 12 n

Other commands that placed an entity on this cell:
    1   m 3 s
>>> 2   m 45 n
    3   m 12 n
    4   m 26 o


Turn 442
================================================================
warning: owned entities 20, 12, 41 collided on cell (35, 24) as the result of moves on this turn
At command 1 of 8:
>>> 1   m 20 w
    2   m 41 o
    3   m 7 n

Other commands that placed an entity on this cell:
    3   m 7 n
    4   m 36 o
>>> 5   m 12 n
    6   m 39 s
    7   m 18 o


Turn 444
================================================================
warning: owned entities 7, 36 collided on cell (35, 24) as the result of moves on this turn
At command 5 of 5:
    3   m 36 o
    4   m 18 n
>>> 5   m 7 n


Turn 447
================================================================
warning: owned entities 39, 26 collided on cell (35, 24) as the result of moves on this turn
At command 3 of 3:
    1   m 18 o
    2   m 26 o
>>> 3   m 39 s

