
Turn 426
================================================================
warning: owned entities 2, 36 collided on cell (12, 24) as the result of moves on this turn
At command 15 of 20:
    13   m 23 s
    14   m 25 e
>>> 15   m 2 w
    16   m 13 s
    17   m 0 e


Turn 428
================================================================
warning: owned entities 34, 20, 28 collided on cell (12, 24) as the result of moves on this turn
At command 1 of 18:
>>> 1   m 34 s
    2   m 38 o
    3   m 8 n

Other commands that placed an entity on this cell:
    5   m 22 s
    6   m 28 o
>>> 7   m 20 w
    8   m 6 n
    9   m 25 n


Turn 434
================================================================
warning: owned entities 23, 38 collided on cell (12, 24) as the result of moves on this turn
At command 7 of 15:
    5   m 38 o
    6   m 22 o
>>> 7   m 23 s
    8   m 8 n
    9   m 11 s


Turn 437
================================================================
warning: owned entities 18, 13 collided on cell (12, 24) as the result of moves on this turn
At command 2 of 13:
    1   m 14 s
>>> 2   m 18 w
    3   m 31 o
    4   m 11 w


Turn 441
================================================================
warning: owned entities 6, 4 collided on cell (12, 24) as the result of moves on this turn
At command 5 of 11:
    3   m 22 o
    4   m 14 o
>>> 5   m 6 n
    6   m 31 o
    7   m 21 o


Turn 443
================================================================
warning: owned entities 21, 11 collided on cell (12, 24) as the result of moves on this turn
At command 9 of 9:
    7   m 8 o
    8   m 11 o
>>> 9   m 21 n


Turn 445
================================================================
warning: owned entities 25, 33 collided on cell (12, 24) as the result of moves on this turn
At command 7 of 7:
    5   m 8 n
    6   m 33 o
>>> 7   m 25 n


Turn 447
================================================================
warning: owned entities 8, 22 collided on cell (12, 24) as the result of moves on this turn
At command 5 of 5:
    3   m 14 s
    4   m 22 o
>>> 5   m 8 n

