
Turn 160
================================================================
warning: owned entities 13, 27 collided on cell (12, 24) as the result of moves on this turn
At command 10 of 21:
    8   m 6 o
    9   m 39 n
>>> 10   m 13 n
    11   m 41 e
    12   m 34 o

Other commands that placed an entity on this cell:
    19   m 21 o
    20   m 11 o
>>> 21   m 27 s


Turn 266
================================================================
warning: owned entities 8, 21, 28 collided on cell (12, 24) as the result of moves on this turn
At command 8 of 28:
    6   m 60 o
    7   m 2 o
>>> 8   m 8 w
    9   m 41 s
    10   m 0 o

Other commands that placed an entity on this cell:
    9   m 41 s
    10   m 0 o
>>> 11   m 21 n
    12   m 17 o
    13   m 57 w

    26   m 35 n
    27   m 47 n
>>> 28   m 28 s


Turn 418
================================================================
warning: owned entities 11, 12 collided on cell (12, 24) as the result of moves on this turn
At command 15 of 24:
    13   m 47 e
    14   m 33 e
>>> 15   m 11 e
    16   m 12 o
    17   m 39 o


Turn 424
================================================================
warning: owned entities 17, 4 collided on cell (12, 24) as the result of moves on this turn
At command 1 of 21:
>>> 1   m 17 e
    2   m 47 o
    3   m 60 s


Turn 425
================================================================
warning: owned entities 47, 60 collided on cell (12, 24) as the result of moves on this turn
At command 1 of 21:
>>> 1   m 47 n
    2   m 19 e
    3   m 29 s

Other commands that placed an entity on this cell:
    7   m 33 e
    8   m 58 n
>>> 9   m 60 s
    10   m 39 o
    11   m 46 s


Turn 427
================================================================
warning: owned entities 43, 29, 58 collided on cell (12, 24) as the result of moves on this turn
At command 9 of 19:
    7   m 35 s
    8   m 53 s
>>> 9   m 43 n
    10   m 39 s
    11   m 37 o

Other commands that placed an entity on this cell:
    15   m 58 o
    16   m 2 e
>>> 17   m 29 s
    18   m 41 s
    19   m 46 o


Turn 429
================================================================
warning: owned entities 35, 39 collided on cell (12, 24) as the result of moves on this turn
At command 3 of 16:
    1   m 37 n
    2   m 34 o
>>> 3   m 35 e
    4   m 57 s
    5   m 23 s

Other commands that placed an entity on this cell:
    6   m 53 s
    7   m 49 n
>>> 8   m 39 s
    9   m 19 o
    10   m 46 o


Turn 431
================================================================
warning: owned entities 46, 22 collided on cell (12, 24) as the result of moves on this turn
At command 8 of 14:
    6   m 2 s
    7   m 23 s
>>> 8   m 46 s
    9   m 22 o
    10   m 6 s


Turn 436
================================================================
warning: owned entities 57, 37, 49 collided on cell (12, 24) as the result of moves on this turn
At command 1 of 12:
>>> 1   m 57 s
    2   m 53 o
    3   m 34 n

Other commands that placed an entity on this cell:
    8   m 6 o
    9   m 19 o
>>> 10   m 37 n
    11   m 41 o
    12   m 2 s


Turn 438
================================================================
warning: owned entities 53, 0, 33 collided on cell (12, 24) as the result of moves on this turn
At command 6 of 9:
    4   m 23 o
    5   m 2 s
>>> 6   m 53 s
    7   m 0 n
    8   m 33 o

Other commands that placed an entity on this cell:
    5   m 2 s
    6   m 53 s
>>> 7   m 0 n
    8   m 33 o
    9   m 19 o


Turn 440
================================================================
warning: owned entities 34, 2 collided on cell (12, 24) as the result of moves on this turn
At command 4 of 6:
    2   m 19 n
    3   m 41 s
>>> 4   m 34 n
    5   m 6 o
    6   m 2 o


Turn 443
================================================================
warning: owned entities 19, 6 collided on cell (12, 24) as the result of moves on this turn
At command 3 of 4:
    1   m 41 s
    2   m 23 o
>>> 3   m 19 n
    4   m 6 o


Turn 448
================================================================
warning: owned entities 23, 41 collided on cell (12, 24) as the result of moves on this turn
At command 2 of 2:
    1   m 41 o
>>> 2   m 23 s

