
Turn 253
================================================================
warning: owned entities 31, 15 collided on cell (35, 24) as the result of moves on this turn
At command 12 of 32:
    10   m 26 o
    11   m 24 o
>>> 12   m 31 n
    13   m 50 n
    14   m 56 o

Other commands that placed an entity on this cell:
    22   m 10 o
    23   m 20 o
>>> 24   m 15 e
    25   m 1 o
    26   m 32 n


Turn 288
================================================================
warning: owned entities 56, 7 collided on cell (35, 24) as the result of moves on this turn
At command 14 of 32:
    12   m 20 o
    13   m 25 o
>>> 14   m 56 w
    15   m 18 o
    16   m 63 o

Other commands that placed an entity on this cell:
    17   m 61 o
    18   m 44 o
>>> 19   m 7 e
    20   m 16 o
    21   m 26 s


Turn 386
================================================================
warning: owned entities 62, 5, 42 collided on cell (35, 24) as the result of moves on this turn
At command 11 of 30:
    9   m 9 o
    10   m 20 o
>>> 11   m 62 w
    12   m 63 s
    13   m 25 n

Other commands that placed an entity on this cell:
    19   m 3 s
    20   m 18 s
>>> 21   m 5 n
    22   m 51 w
    23   m 52 n

    22   m 51 w
    23   m 52 n
>>> 24   m 42 s
    25   m 61 o
    26   m 45 w


Turn 418
================================================================
warning: owned entities 40, 1, 9 collided on cell (35, 24) as the result of moves on this turn
At command 1 of 27:
>>> 1   m 40 n
    2   m 9 o
    3   m 32 w

Other commands that placed an entity on this cell:
    19   m 14 w
    20   m 16 w
>>> 21   m 1 w
    22   m 48 w
    23   m 30 w


Turn 421
================================================================
warning: owned entities 14, 48 collided on cell (35, 24) as the result of moves on this turn
At command 22 of 24:
    20   m 48 o
    21   m 36 n
>>> 22   m 14 w
    23   m 25 w
    24   m 44 w


Turn 425
================================================================
warning: owned entities 20, 52, 36 collided on cell (35, 24) as the result of moves on this turn
At command 1 of 22:
>>> 1   m 20 s
    2   m 63 n
    3   m 54 o

Other commands that placed an entity on this cell:
    19   m 38 s
    20   m 16 s
>>> 21   m 52 n
    22   m 25 s


Turn 429
================================================================
warning: owned entities 45, 26 collided on cell (35, 24) as the result of moves on this turn
At command 1 of 19:
>>> 1   m 45 w
    2   m 51 o
    3   m 54 o


Turn 431
================================================================
warning: owned entities 51, 54 collided on cell (35, 24) as the result of moves on this turn
At command 11 of 17:
    9   m 18 o
    10   m 25 o
>>> 11   m 51 w
    12   m 54 o
    13   m 30 s


Turn 433
================================================================
warning: owned entities 18, 16 collided on cell (35, 24) as the result of moves on this turn
At command 11 of 15:
    9   m 38 o
    10   m 10 o
>>> 11   m 18 w
    12   m 30 s
    13   m 25 o


Turn 436
================================================================
warning: owned entities 44, 32 collided on cell (35, 24) as the result of moves on this turn
At command 6 of 13:
    4   m 38 o
    5   m 25 o
>>> 6   m 44 s
    7   m 55 o
    8   m 24 o


Turn 438
================================================================
warning: owned entities 24, 10 collided on cell (35, 24) as the result of moves on this turn
At command 9 of 11:
    7   m 38 o
    8   m 59 o
>>> 9   m 24 s
    10   m 10 o
    11   m 3 o


Turn 442
================================================================
warning: owned entities 63, 50, 3, 30 collided on cell (35, 24) as the result of moves on this turn
At command 1 of 9:
>>> 1   m 63 n
    2   m 59 o
    3   m 55 s

Other commands that placed an entity on this cell:
    2   m 59 o
    3   m 55 s
>>> 4   m 50 s
    5   m 61 o
    6   m 30 o

    7   m 38 o
    8   m 25 s
>>> 9   m 3 w


Turn 446
================================================================
warning: owned entities 59, 61 collided on cell (35, 24) as the result of moves on this turn
At command 2 of 5:
    1   m 55 s
>>> 2   m 59 n
    3   m 61 s
    4   m 38 o

Other commands that placed an entity on this cell:
    1   m 55 s
    2   m 59 n
>>> 3   m 61 s
    4   m 38 o
    5   m 25 o


Turn 450
================================================================
warning: owned entities 25, 38 collided on cell (35, 24) as the result of moves on this turn
At command 3 of 3:
    1   m 38 o
    2   m 55 s
>>> 3   m 25 s

